Build started 29/01/2014 19:45:57.
     1>Project "C:\Users\Adam\Desktop\wally_2010\wally_2010\wally_2010.vcxproj" on node 2 (build target(s)).
     1>InitializeBuildStatus:
         Creating "Release\wally_2010.unsuccessfulbuild" because "AlwaysCreate" was specified.
       ClCompile:
         All outputs are up-to-date.
         c:\Program Files (x86)\Microsoft Visual Studio 10.0\VC\bin\CL.exe /c /Zi /nologo /W3 /WX- /O2 /Oi /Oy- /GL /D WIN32 /D NDEBUG /D _CONSOLE /D _UNICODE /D UNICODE /Gm- /EHsc /MD /GS /Gy /fp:precise /Zc:wchar_t /Zc:forScope /Yu"StdAfx.h" /Fp"Release\wally_2010.pch" /Fo"Release\\" /Fd"Release\vc100.pdb" /Gd /TP /analyze- /errorReport:prompt wally_2010.cpp
         wally_2010.cpp
     1>wally_2010.cpp(21): warning C4101: 'j' : unreferenced local variable
       Link:
         c:\Program Files (x86)\Microsoft Visual Studio 10.0\VC\bin\link.exe /ERRORREPORT:PROMPT /OUT:"C:\Users\Adam\Desktop\wally_2010\Release\wally_2010.exe" /INCREMENTAL:NO /NOLOGO kernel32.lib user32.lib gdi32.lib winspool.lib comdlg32.lib advapi32.lib shell32.lib ole32.lib oleaut32.lib uuid.lib odbc32.lib odbccp32.lib /MANIFEST /ManifestFile:"Release\wally_2010.exe.intermediate.manifest" /MANIFESTUAC:"level='asInvoker' uiAccess='false'" /DEBUG /PDB:"C:\Users\Adam\Desktop\wally_2010\Release\wally_2010.pdb" /SUBSYSTEM:CONSOLE /OPT:REF /OPT:ICF /LTCG /TLBID:1 /DYNAMICBASE /NXCOMPAT /IMPLIB:"C:\Users\Adam\Desktop\wally_2010\Release\wally_2010.lib" /MACHINE:X86 Release\stdafx.obj
         Release\wally_2010.obj
         Generating code
         Finished generating code
         wally_2010.vcxproj -> C:\Users\Adam\Desktop\wally_2010\Release\wally_2010.exe
       Manifest:
         C:\Program Files (x86)\Microsoft SDKs\Windows\v7.0A\bin\mt.exe /nologo /verbose /outputresource:"C:\Users\Adam\Desktop\wally_2010\Release\wally_2010.exe;#1" /manifest Release\wally_2010.exe.intermediate.manifest
       FinalizeBuildStatus:
         Deleting file "Release\wally_2010.unsuccessfulbuild".
         Touching "Release\wally_2010.lastbuildstate".
     1>Done Building Project "C:\Users\Adam\Desktop\wally_2010\wally_2010\wally_2010.vcxproj" (build target(s)).

Build succeeded.

Time Elapsed 00:00:01.47
