Build started 29/01/2014 19:02:58.
     1>Project "C:\Users\Adam\Desktop\wally_2010\wally_2010\wally_2010.vcxproj" on node 2 (build target(s)).
     1>PrepareForBuild:
         Creating directory "C:\Users\Adam\Desktop\wally_2010\Debug\".
       InitializeBuildStatus:
         Creating "Debug\wally_2010.unsuccessfulbuild" because "AlwaysCreate" was specified.
       ClCompile:
         c:\Program Files (x86)\Microsoft Visual Studio 10.0\VC\bin\CL.exe /c /ZI /nologo /W3 /WX- /Od /Oy- /D WIN32 /D _DEBUG /D _CONSOLE /D _UNICODE /D UNICODE /Gm /EHsc /RTC1 /MDd /GS /fp:precise /Zc:wchar_t /Zc:forScope /Yc"StdAfx.h" /Fp"Debug\wally_2010.pch" /Fo"Debug\\" /Fd"Debug\vc100.pdb" /Gd /TP /analyze- /errorReport:prompt stdafx.cpp
         stdafx.cpp
         c:\Program Files (x86)\Microsoft Visual Studio 10.0\VC\bin\CL.exe /c /ZI /nologo /W3 /WX- /Od /Oy- /D WIN32 /D _DEBUG /D _CONSOLE /D _UNICODE /D UNICODE /Gm /EHsc /RTC1 /MDd /GS /fp:precise /Zc:wchar_t /Zc:forScope /Yu"StdAfx.h" /Fp"Debug\wally_2010.pch" /Fo"Debug\\" /Fd"Debug\vc100.pdb" /Gd /TP /analyze- /errorReport:prompt wally_2010.cpp
         wally_2010.cpp
     1>c:\users\adam\desktop\wally_2010\wally_2010\wally_2010.cpp(21): warning C4101: 'j' : unreferenced local variable
       ManifestResourceCompile:
         C:\Program Files (x86)\Microsoft SDKs\Windows\v7.0A\bin\rc.exe /nologo /fo"Debug\wally_2010.exe.embed.manifest.res" Debug\wally_2010_manifest.rc 
       Link:
         c:\Program Files (x86)\Microsoft Visual Studio 10.0\VC\bin\link.exe /ERRORREPORT:PROMPT /OUT:"C:\Users\Adam\Desktop\wally_2010\Debug\wally_2010.exe" /INCREMENTAL /NOLOGO kernel32.lib user32.lib gdi32.lib winspool.lib comdlg32.lib advapi32.lib shell32.lib ole32.lib oleaut32.lib uuid.lib odbc32.lib odbccp32.lib /MANIFEST /ManifestFile:"Debug\wally_2010.exe.intermediate.manifest" /MANIFESTUAC:"level='asInvoker' uiAccess='false'" /DEBUG /PDB:"C:\Users\Adam\Desktop\wally_2010\Debug\wally_2010.pdb" /SUBSYSTEM:CONSOLE /TLBID:1 /DYNAMICBASE /NXCOMPAT /IMPLIB:"C:\Users\Adam\Desktop\wally_2010\Debug\wally_2010.lib" /MACHINE:X86 Debug\wally_2010.exe.embed.manifest.res
         Debug\stdafx.obj
         Debug\wally_2010.obj
       Manifest:
         C:\Program Files (x86)\Microsoft SDKs\Windows\v7.0A\bin\mt.exe /nologo /verbose /out:"Debug\wally_2010.exe.embed.manifest" /manifest Debug\wally_2010.exe.intermediate.manifest
         C:\Program Files (x86)\Microsoft SDKs\Windows\v7.0A\bin\rc.exe /nologo /fo"Debug\wally_2010.exe.embed.manifest.res" Debug\wally_2010_manifest.rc 
       LinkEmbedManifest:
         c:\Program Files (x86)\Microsoft Visual Studio 10.0\VC\bin\link.exe /ERRORREPORT:PROMPT /OUT:"C:\Users\Adam\Desktop\wally_2010\Debug\wally_2010.exe" /INCREMENTAL /NOLOGO kernel32.lib user32.lib gdi32.lib winspool.lib comdlg32.lib advapi32.lib shell32.lib ole32.lib oleaut32.lib uuid.lib odbc32.lib odbccp32.lib /MANIFEST /ManifestFile:"Debug\wally_2010.exe.intermediate.manifest" /MANIFESTUAC:"level='asInvoker' uiAccess='false'" /DEBUG /PDB:"C:\Users\Adam\Desktop\wally_2010\Debug\wally_2010.pdb" /SUBSYSTEM:CONSOLE /TLBID:1 /DYNAMICBASE /NXCOMPAT /IMPLIB:"C:\Users\Adam\Desktop\wally_2010\Debug\wally_2010.lib" /MACHINE:X86 Debug\wally_2010.exe.embed.manifest.res
         Debug\stdafx.obj
         Debug\wally_2010.obj
         wally_2010.vcxproj -> C:\Users\Adam\Desktop\wally_2010\Debug\wally_2010.exe
       FinalizeBuildStatus:
         Deleting file "Debug\wally_2010.unsuccessfulbuild".
         Touching "Debug\wally_2010.lastbuildstate".
     1>Done Building Project "C:\Users\Adam\Desktop\wally_2010\wally_2010\wally_2010.vcxproj" (build target(s)).

Build succeeded.

Time Elapsed 00:00:03.10
